<?xml version="1.0" encoding="UTF-8"?>
<!-- Generated by org.testng.reporters.JUnitReportReporter -->
<testsuite hostname="ZNPC021" name="Modules.ScrollByview" tests="1" failures="0" timestamp="12 Jun 2017 05:49:42 GMT" time="14.479" errors="0">
  <testcase name="srolling" time="14.479" classname="Modules.ScrollByview"/>
</testsuite> <!-- Modules.ScrollByview -->
