<?xml version="1.0" encoding="UTF-8"?>
<!-- Generated by org.testng.reporters.JUnitReportReporter -->
<testsuite hostname="ZNPC021" name="com.gmail.testcase.VerifyValidGmailLogin" tests="1" failures="0" timestamp="2 Jun 2017 12:31:00 GMT" time="60.768" errors="0">
  <testcase name="checkValidLogin" time="60.768" classname="com.gmail.testcase.VerifyValidGmailLogin"/>
</testsuite> <!-- com.gmail.testcase.VerifyValidGmailLogin -->
