<?xml version="1.0" encoding="UTF-8"?>
<!-- Generated by org.testng.reporters.JUnitReportReporter -->
<testsuite hostname="ZNPC021" name="Modules.Class1" tests="3" failures="0" timestamp="23 May 2017 15:20:20 GMT" time="18889.604" errors="0">
  <testcase name="search" time="18889.549" classname="Modules.Class1"/>
  <testcase name="advancedSearch" time="0.052" classname="Modules.Class1"/>
  <testcase name="Products" time="0.003" classname="Modules.Class1"/>
</testsuite> <!-- Modules.Class1 -->
