<?xml version="1.0" encoding="UTF-8"?>
<!-- Generated by org.testng.reporters.JUnitReportReporter -->
<testsuite hostname="ZNPC021" name="Modules.headlessbrowserUsingHTMLUnitDriver" tests="1" failures="0" timestamp="10 Jun 2017 09:35:36 GMT" time="4.516" errors="0">
  <testcase name="verifyTitle" time="4.516" classname="Modules.headlessbrowserUsingHTMLUnitDriver"/>
</testsuite> <!-- Modules.headlessbrowserUsingHTMLUnitDriver -->
