<?xml version="1.0" encoding="UTF-8"?>
<!-- Generated by org.testng.reporters.JUnitReportReporter -->
<testsuite hostname="ZNPC021" name="com.gmail.testcase.VerifyLogout" tests="1" failures="0" timestamp="2 Jun 2017 10:35:45 GMT" time="27.967" errors="0">
  <testcase name="checkValidLogout" time="27.967" classname="com.gmail.testcase.VerifyLogout"/>
</testsuite> <!-- com.gmail.testcase.VerifyLogout -->
