<?xml version="1.0" encoding="UTF-8"?>
<!-- Generated by org.testng.reporters.JUnitReportReporter -->
<testsuite hostname="ZNPC021" name="Modules.Logintest" tests="1" failures="0" timestamp="22 May 2017 09:21:28 GMT" time="0.004" errors="0">
  <testcase name="userlogin" time="0.004" classname="Modules.Logintest"/>
</testsuite> <!-- Modules.Logintest -->
