<?xml version="1.0" encoding="UTF-8"?>
<!-- Generated by org.testng.reporters.JUnitReportReporter -->
<testsuite hostname="ZNPC021" name="Modules.Class2" tests="3" failures="0" timestamp="23 May 2017 10:11:45 GMT" time="0.005" errors="0">
  <testcase name="advancedSearch" time="0.002" classname="Modules.Class2"/>
  <testcase name="search" time="0.002" classname="Modules.Class2"/>
  <testcase name="Products" time="0.001" classname="Modules.Class2"/>
</testsuite> <!-- Modules.Class2 -->
