<?xml version="1.0" encoding="UTF-8"?>
<!-- Generated by org.testng.reporters.JUnitReportReporter -->
<testsuite hostname="ZNPC021" name="Modules.demo" tests="1" failures="0" timestamp="22 May 2017 09:21:28 GMT" time="4.957" errors="0">
  <testcase name="login" time="4.957" classname="Modules.demo"/>
</testsuite> <!-- Modules.demo -->
